Restore Archived Project report for ProjetoALU
Tue Jul 25 17:55:36 2023
Quartus Prime Version 17.1.0 Build 590 10/25/2017 SJ Lite Edition


---------------------
; Table of Contents ;
---------------------
  1. Legal Notice
  2. Restore Archived Project Summary
  3. Restore Archived Project Messages
  4. Files Restored
  5. Files Not Restored



----------------
; Legal Notice ;
----------------
Copyright (C) 2017  Intel Corporation. All rights reserved.
Your use of Intel Corporation's design tools, logic functions 
and other software and tools, and its AMPP partner logic 
functions, and any output files from any of the foregoing 
(including device programming or simulation files), and any 
associated documentation or information are expressly subject 
to the terms and conditions of the Intel Program License 
Subscription Agreement, the Intel Quartus Prime License Agreement,
the Intel FPGA IP License Agreement, or other applicable license
agreement, including, without limitation, that your use is for
the sole purpose of programming logic devices manufactured by
Intel and sold by Intel or its authorized distributors.  Please
refer to the applicable agreement for further details.



+-------------------------------------------------------------------------+
; Restore Archived Project Summary                                        ;
+---------------------------------+---------------------------------------+
; Restore Archived Project Status ; Successful - Tue Jul 25 17:55:36 2023 ;
; Revision Name                   ; ProjetoALU                            ;
; Top-level Entity Name           ; Projetao                              ;
; Family                          ; Cyclone IV E                          ;
+---------------------------------+---------------------------------------+


+-----------------------------------+
; Restore Archived Project Messages ;
+-----------------------------------+
Warning (292006): Can't contact license server "27200@pesqueira.cin.ufpe.br" -- this server will be ignored.
Info: Successfully restored 'D:/Users/vsmn/Documents/ProjetoALU/ProjetoALU_tmp_archive.qar' into the 'D:/Users/vsmn/Documents/ProjetoALU2/' directory
Info: Generated report 'ProjetoALU.restore.rpt'


+-------------------------------------+
; Files Restored                      ;
+-------------------------------------+
; File Name                           ;
+-------------------------------------+
; qar_info.json                       ;
; Components/Adder-Subtractor5bit.bdf ;
; Components/Adder5bit.bdf            ;
; Components/AdderSubtractor4bit.bdf  ;
; Components/AigualB.bdf              ;
; Components/CompOP.bdf               ;
; Components/Comparator4bits.bdf      ;
; Components/Comparator5bits.bdf      ;
; Components/ComparatorSIGN.bdf       ;
; Components/FullAdder.bdf            ;
; Components/HalfAdder.bdf            ;
; Components/Projetao.bdf             ;
; Components/Seletor_completo.bdf     ;
; Components/SomaOP2.bdf              ;
; Components/SubOP.bdf                ;
; Components/XOR5.bdf                 ;
; Components/andcompleto.bdf          ;
; Components/inversor.bdf             ;
; ProjetoALU.qpf                      ;
; ProjetoALU.qsf                      ;
; ProjetoALU_assignment_defaults.qdf  ;
; Waveform.vwf                        ;
; assignment_defaults.qdf             ;
+-------------------------------------+


+--------------------+
; Files Not Restored ;
+--------------------+
; File Name          ;
+--------------------+


