Analysis & Synthesis report for ProjetoALU
Wed Aug 02 16:06:30 2023
Quartus Prime Version 17.1.0 Build 590 10/25/2017 SJ Lite Edition


---------------------
; Table of Contents ;
---------------------
  1. Legal Notice
  2. Analysis & Synthesis Summary
  3. Analysis & Synthesis Settings
  4. Parallel Compilation
  5. Analysis & Synthesis Source Files Read
  6. Analysis & Synthesis Resource Usage Summary
  7. Analysis & Synthesis Resource Utilization by Entity
  8. General Register Statistics
  9. Post-Synthesis Netlist Statistics for Top Partition
 10. Elapsed Time Per Partition
 11. Analysis & Synthesis Messages



----------------
; Legal Notice ;
----------------
Copyright (C) 2017  Intel Corporation. All rights reserved.
Your use of Intel Corporation's design tools, logic functions 
and other software and tools, and its AMPP partner logic 
functions, and any output files from any of the foregoing 
(including device programming or simulation files), and any 
associated documentation or information are expressly subject 
to the terms and conditions of the Intel Program License 
Subscription Agreement, the Intel Quartus Prime License Agreement,
the Intel FPGA IP License Agreement, or other applicable license
agreement, including, without limitation, that your use is for
the sole purpose of programming logic devices manufactured by
Intel and sold by Intel or its authorized distributors.  Please
refer to the applicable agreement for further details.



+----------------------------------------------------------------------------------+
; Analysis & Synthesis Summary                                                     ;
+------------------------------------+---------------------------------------------+
; Analysis & Synthesis Status        ; Successful - Wed Aug 02 16:06:30 2023       ;
; Quartus Prime Version              ; 17.1.0 Build 590 10/25/2017 SJ Lite Edition ;
; Revision Name                      ; ProjetoALU                                  ;
; Top-level Entity Name              ; Projetao                                    ;
; Family                             ; Cyclone IV E                                ;
; Total logic elements               ; 0                                           ;
;     Total combinational functions  ; 0                                           ;
;     Dedicated logic registers      ; 0                                           ;
; Total registers                    ; 0                                           ;
; Total pins                         ; 21                                          ;
; Total virtual pins                 ; 0                                           ;
; Total memory bits                  ; 0                                           ;
; Embedded Multiplier 9-bit elements ; 0                                           ;
; Total PLLs                         ; 0                                           ;
+------------------------------------+---------------------------------------------+


+----------------------------------------------------------------------------------------------------------------------+
; Analysis & Synthesis Settings                                                                                        ;
+----------------------------------------------------------------------------+--------------------+--------------------+
; Option                                                                     ; Setting            ; Default Value      ;
+----------------------------------------------------------------------------+--------------------+--------------------+
; Device                                                                     ; EP4CE115F29C7      ;                    ;
; Top-level entity name                                                      ; Projetao           ; ProjetoALU         ;
; Family name                                                                ; Cyclone IV E       ; Cyclone V          ;
; Use smart compilation                                                      ; Off                ; Off                ;
; Enable parallel Assembler and TimeQuest Timing Analyzer during compilation ; On                 ; On                 ;
; Enable compact report table                                                ; Off                ; Off                ;
; Restructure Multiplexers                                                   ; Auto               ; Auto               ;
; Create Debugging Nodes for IP Cores                                        ; Off                ; Off                ;
; Preserve fewer node names                                                  ; On                 ; On                 ;
; Intel FPGA IP Evaluation Mode                                              ; Enable             ; Enable             ;
; Verilog Version                                                            ; Verilog_2001       ; Verilog_2001       ;
; VHDL Version                                                               ; VHDL_1993          ; VHDL_1993          ;
; State Machine Processing                                                   ; Auto               ; Auto               ;
; Safe State Machine                                                         ; Off                ; Off                ;
; Extract Verilog State Machines                                             ; On                 ; On                 ;
; Extract VHDL State Machines                                                ; On                 ; On                 ;
; Ignore Verilog initial constructs                                          ; Off                ; Off                ;
; Iteration limit for constant Verilog loops                                 ; 5000               ; 5000               ;
; Iteration limit for non-constant Verilog loops                             ; 250                ; 250                ;
; Add Pass-Through Logic to Inferred RAMs                                    ; On                 ; On                 ;
; Infer RAMs from Raw Logic                                                  ; On                 ; On                 ;
; Parallel Synthesis                                                         ; On                 ; On                 ;
; DSP Block Balancing                                                        ; Auto               ; Auto               ;
; NOT Gate Push-Back                                                         ; On                 ; On                 ;
; Power-Up Don't Care                                                        ; On                 ; On                 ;
; Remove Redundant Logic Cells                                               ; Off                ; Off                ;
; Remove Duplicate Registers                                                 ; On                 ; On                 ;
; Ignore CARRY Buffers                                                       ; Off                ; Off                ;
; Ignore CASCADE Buffers                                                     ; Off                ; Off                ;
; Ignore GLOBAL Buffers                                                      ; Off                ; Off                ;
; Ignore ROW GLOBAL Buffers                                                  ; Off                ; Off                ;
; Ignore LCELL Buffers                                                       ; Off                ; Off                ;
; Ignore SOFT Buffers                                                        ; On                 ; On                 ;
; Limit AHDL Integers to 32 Bits                                             ; Off                ; Off                ;
; Optimization Technique                                                     ; Balanced           ; Balanced           ;
; Carry Chain Length                                                         ; 70                 ; 70                 ;
; Auto Carry Chains                                                          ; On                 ; On                 ;
; Auto Open-Drain Pins                                                       ; On                 ; On                 ;
; Perform WYSIWYG Primitive Resynthesis                                      ; Off                ; Off                ;
; Auto ROM Replacement                                                       ; On                 ; On                 ;
; Auto RAM Replacement                                                       ; On                 ; On                 ;
; Auto DSP Block Replacement                                                 ; On                 ; On                 ;
; Auto Shift Register Replacement                                            ; Auto               ; Auto               ;
; Allow Shift Register Merging across Hierarchies                            ; Auto               ; Auto               ;
; Auto Clock Enable Replacement                                              ; On                 ; On                 ;
; Strict RAM Replacement                                                     ; Off                ; Off                ;
; Allow Synchronous Control Signals                                          ; On                 ; On                 ;
; Force Use of Synchronous Clear Signals                                     ; Off                ; Off                ;
; Auto RAM Block Balancing                                                   ; On                 ; On                 ;
; Auto RAM to Logic Cell Conversion                                          ; Off                ; Off                ;
; Auto Resource Sharing                                                      ; Off                ; Off                ;
; Allow Any RAM Size For Recognition                                         ; Off                ; Off                ;
; Allow Any ROM Size For Recognition                                         ; Off                ; Off                ;
; Allow Any Shift Register Size For Recognition                              ; Off                ; Off                ;
; Use LogicLock Constraints during Resource Balancing                        ; On                 ; On                 ;
; Ignore translate_off and synthesis_off directives                          ; Off                ; Off                ;
; Timing-Driven Synthesis                                                    ; On                 ; On                 ;
; Report Parameter Settings                                                  ; On                 ; On                 ;
; Report Source Assignments                                                  ; On                 ; On                 ;
; Report Connectivity Checks                                                 ; On                 ; On                 ;
; Ignore Maximum Fan-Out Assignments                                         ; Off                ; Off                ;
; Synchronization Register Chain Length                                      ; 2                  ; 2                  ;
; Power Optimization During Synthesis                                        ; Normal compilation ; Normal compilation ;
; HDL message level                                                          ; Level2             ; Level2             ;
; Suppress Register Optimization Related Messages                            ; Off                ; Off                ;
; Number of Removed Registers Reported in Synthesis Report                   ; 5000               ; 5000               ;
; Number of Swept Nodes Reported in Synthesis Report                         ; 5000               ; 5000               ;
; Number of Inverted Registers Reported in Synthesis Report                  ; 100                ; 100                ;
; Clock MUX Protection                                                       ; On                 ; On                 ;
; Auto Gated Clock Conversion                                                ; Off                ; Off                ;
; Block Design Naming                                                        ; Auto               ; Auto               ;
; SDC constraint protection                                                  ; Off                ; Off                ;
; Synthesis Effort                                                           ; Auto               ; Auto               ;
; Shift Register Replacement - Allow Asynchronous Clear Signal               ; On                 ; On                 ;
; Pre-Mapping Resynthesis Optimization                                       ; Off                ; Off                ;
; Analysis & Synthesis Message Level                                         ; Medium             ; Medium             ;
; Disable Register Merging Across Hierarchies                                ; Auto               ; Auto               ;
; Resource Aware Inference For Block RAM                                     ; On                 ; On                 ;
+----------------------------------------------------------------------------+--------------------+--------------------+


+------------------------------------------+
; Parallel Compilation                     ;
+----------------------------+-------------+
; Processors                 ; Number      ;
+----------------------------+-------------+
; Number detected on machine ; 16          ;
; Maximum allowed            ; 16          ;
;                            ;             ;
; Average used               ; 1.00        ;
; Maximum used               ; 1           ;
;                            ;             ;
; Usage by Processor         ; % Time Used ;
;     Processor 1            ; 100.0%      ;
+----------------------------+-------------+


+------------------------------------------------------------------------------------------------------------------------------------------------------------------------------------------------------+
; Analysis & Synthesis Source Files Read                                                                                                                                                               ;
+------------------------------------------------+-----------------+------------------------------------+------------------------------------------------------------------------------------+---------+
; File Name with User-Entered Path               ; Used in Netlist ; File Type                          ; File Name with Absolute Path                                                       ; Library ;
+------------------------------------------------+-----------------+------------------------------------+------------------------------------------------------------------------------------+---------+
; Components/Adder-Subtractor.bdf                ; yes             ; User Block Diagram/Schematic File  ; D:/Users/vsmn/Documents/ProjetoALU2/Components/Adder-Subtractor.bdf                ;         ;
; Components/Seletor_completo.bdf                ; yes             ; User Block Diagram/Schematic File  ; D:/Users/vsmn/Documents/ProjetoALU2/Components/Seletor_completo.bdf                ;         ;
; Components/Projetao.bdf                        ; yes             ; User Block Diagram/Schematic File  ; D:/Users/vsmn/Documents/ProjetoALU2/Components/Projetao.bdf                        ;         ;
; Components/HalfAdder.bdf                       ; yes             ; User Block Diagram/Schematic File  ; D:/Users/vsmn/Documents/ProjetoALU2/Components/HalfAdder.bdf                       ;         ;
; Components/FullAdder.bdf                       ; yes             ; User Block Diagram/Schematic File  ; D:/Users/vsmn/Documents/ProjetoALU2/Components/FullAdder.bdf                       ;         ;
; Components/Adder-Subtractor_TwosCompliment.bdf ; yes             ; User Block Diagram/Schematic File  ; D:/Users/vsmn/Documents/ProjetoALU2/Components/Adder-Subtractor_TwosCompliment.bdf ;         ;
; Components/zerabit4.bdf                        ; yes             ; User Block Diagram/Schematic File  ; D:/Users/vsmn/Documents/ProjetoALU2/Components/zerabit4.bdf                        ;         ;
+------------------------------------------------+-----------------+------------------------------------+------------------------------------------------------------------------------------+---------+


+------------------------------------------------------------+
; Analysis & Synthesis Resource Usage Summary                ;
+---------------------------------------------+--------------+
; Resource                                    ; Usage        ;
+---------------------------------------------+--------------+
;                                             ;              ;
; Total combinational functions               ; 0            ;
; Logic element usage by number of LUT inputs ;              ;
;     -- 4 input functions                    ; 0            ;
;     -- 3 input functions                    ; 0            ;
;     -- <=2 input functions                  ; 0            ;
;                                             ;              ;
; Logic elements by mode                      ;              ;
;     -- normal mode                          ; 0            ;
;     -- arithmetic mode                      ; 0            ;
;                                             ;              ;
; Total registers                             ; 0            ;
;     -- Dedicated logic registers            ; 0            ;
;     -- I/O registers                        ; 0            ;
;                                             ;              ;
; I/O pins                                    ; 21           ;
;                                             ;              ;
; Embedded Multiplier 9-bit elements          ; 0            ;
;                                             ;              ;
; Maximum fan-out node                        ; Sinal~output ;
; Maximum fan-out                             ; 1            ;
; Total fan-out                               ; 21           ;
; Average fan-out                             ; 0.50         ;
+---------------------------------------------+--------------+


+----------------------------------------------------------------------------------------------------------------------------------------------------------------------------------------------------------+
; Analysis & Synthesis Resource Utilization by Entity                                                                                                                                                      ;
+----------------------------+---------------------+---------------------------+-------------+--------------+---------+-----------+------+--------------+---------------------+-------------+--------------+
; Compilation Hierarchy Node ; Combinational ALUTs ; Dedicated Logic Registers ; Memory Bits ; DSP Elements ; DSP 9x9 ; DSP 18x18 ; Pins ; Virtual Pins ; Full Hierarchy Name ; Entity Name ; Library Name ;
+----------------------------+---------------------+---------------------------+-------------+--------------+---------+-----------+------+--------------+---------------------+-------------+--------------+
; |Projetao                  ; 0 (0)               ; 0 (0)                     ; 0           ; 0            ; 0       ; 0         ; 21   ; 0            ; |Projetao           ; Projetao    ; work         ;
+----------------------------+---------------------+---------------------------+-------------+--------------+---------+-----------+------+--------------+---------------------+-------------+--------------+
Note: For table entries with two numbers listed, the numbers in parentheses indicate the number of resources of the given type used by the specific entity alone. The numbers listed outside of parentheses indicate the total resources of the given type used by the specific entity and all of its sub-entities in the hierarchy.


+------------------------------------------------------+
; General Register Statistics                          ;
+----------------------------------------------+-------+
; Statistic                                    ; Value ;
+----------------------------------------------+-------+
; Total registers                              ; 0     ;
; Number of registers using Synchronous Clear  ; 0     ;
; Number of registers using Synchronous Load   ; 0     ;
; Number of registers using Asynchronous Clear ; 0     ;
; Number of registers using Asynchronous Load  ; 0     ;
; Number of registers using Clock Enable       ; 0     ;
; Number of registers using Preset             ; 0     ;
+----------------------------------------------+-------+


+-----------------------------------------------------+
; Post-Synthesis Netlist Statistics for Top Partition ;
+-----------------------+-----------------------------+
; Type                  ; Count                       ;
+-----------------------+-----------------------------+
; boundary_port         ; 21                          ;
; cycloneiii_lcell_comb ; 2                           ;
;     normal            ; 2                           ;
;         0 data inputs ; 2                           ;
;                       ;                             ;
; Max LUT depth         ; 0.00                        ;
; Average LUT depth     ; 0.00                        ;
+-----------------------+-----------------------------+


+-------------------------------+
; Elapsed Time Per Partition    ;
+----------------+--------------+
; Partition Name ; Elapsed Time ;
+----------------+--------------+
; Top            ; 00:00:00     ;
+----------------+--------------+


+-------------------------------+
; Analysis & Synthesis Messages ;
+-------------------------------+
Info: *******************************************************************
Info: Running Quartus Prime Analysis & Synthesis
    Info: Version 17.1.0 Build 590 10/25/2017 SJ Lite Edition
    Info: Processing started: Wed Aug 02 16:06:22 2023
Info: Command: quartus_map --read_settings_files=on --write_settings_files=off ProjetoALU2 -c ProjetoALU
Warning (18236): Number of processors has not been specified which may cause overloading on shared machines.  Set the global assignment NUM_PARALLEL_PROCESSORS in your QSF to an appropriate value for best performance.
Info (20030): Parallel compilation is enabled and will use 16 of the 16 processors detected
Info (12021): Found 1 design units, including 1 entities, in source file components/adder-subtractor.bdf
    Info (12023): Found entity 1: Adder-Subtractor
Info (12021): Found 1 design units, including 1 entities, in source file components/xor5.bdf
    Info (12023): Found entity 1: XOR5
Info (12021): Found 1 design units, including 1 entities, in source file components/seletor_completo.bdf
    Info (12023): Found entity 1: Seletor_completo
Info (12021): Found 1 design units, including 1 entities, in source file components/projetao.bdf
    Info (12023): Found entity 1: Projetao
Info (12021): Found 1 design units, including 1 entities, in source file components/halfadder.bdf
    Info (12023): Found entity 1: HalfAdder
Info (12021): Found 1 design units, including 1 entities, in source file components/fulladder.bdf
    Info (12023): Found entity 1: FullAdder
Info (12021): Found 1 design units, including 1 entities, in source file components/comparator5bits.bdf
    Info (12023): Found entity 1: Comparator5bits
Info (12021): Found 1 design units, including 1 entities, in source file components/comparator4bits.bdf
    Info (12023): Found entity 1: Comparator4bits
Info (12021): Found 1 design units, including 1 entities, in source file components/andcompleto.bdf
    Info (12023): Found entity 1: andcompleto
Info (12021): Found 1 design units, including 1 entities, in source file components/adder-subtractor5bit.bdf
    Info (12023): Found entity 1: Adder-Subtractor5bit
Info (12021): Found 1 design units, including 1 entities, in source file components/addersubtractor4bit.bdf
    Info (12023): Found entity 1: AdderSubtractor4bit
Info (12021): Found 1 design units, including 1 entities, in source file components/adder5bit.bdf
    Info (12023): Found entity 1: Adder5bit
Info (12021): Found 1 design units, including 1 entities, in source file components/adder-subtractor_twoscompliment.bdf
    Info (12023): Found entity 1: Adder-Subtractor_TwosCompliment
Info (12021): Found 1 design units, including 1 entities, in source file components/zerabit4.bdf
    Info (12023): Found entity 1: zerabit4
Info (12127): Elaborating entity "Projetao" for the top level hierarchy
Warning (275043): Pin "Sinal" is missing source
Info (12128): Elaborating entity "Adder-Subtractor" for hierarchy "Adder-Subtractor:inst5"
Info (12128): Elaborating entity "Adder-Subtractor_TwosCompliment" for hierarchy "Adder-Subtractor:inst5|Adder-Subtractor_TwosCompliment:inst7"
Info (12128): Elaborating entity "FullAdder" for hierarchy "Adder-Subtractor:inst5|Adder-Subtractor_TwosCompliment:inst7|FullAdder:inst7"
Info (12128): Elaborating entity "HalfAdder" for hierarchy "Adder-Subtractor:inst5|Adder-Subtractor_TwosCompliment:inst7|FullAdder:inst7|HalfAdder:inst3"
Info (12128): Elaborating entity "zerabit4" for hierarchy "Adder-Subtractor:inst5|zerabit4:inst"
Warning (275043): Pin "F[4..0]" is missing source
Warning (275009): Pin "A" not connected
Warning (275008): Primitive "GND" of instance "inst" not used
Info (12128): Elaborating entity "Seletor_completo" for hierarchy "Seletor_completo:inst"
Warning (13024): Output pins are stuck at VCC or GND
    Warning (13410): Pin "Sinal" is stuck at GND
    Warning (13410): Pin "LEDA_B" is stuck at VCC
    Warning (13410): Pin "LEDB_S" is stuck at VCC
    Warning (13410): Pin "Resultado[4]" is stuck at GND
    Warning (13410): Pin "Resultado[3]" is stuck at GND
    Warning (13410): Pin "Resultado[2]" is stuck at GND
    Warning (13410): Pin "Resultado[1]" is stuck at GND
    Warning (13410): Pin "Resultado[0]" is stuck at GND
Info (16010): Generating hard_block partition "hard_block:auto_generated_inst"
    Info (16011): Adding 0 node(s), including 0 DDIO, 0 PLL, 0 transceiver and 0 LCELL
Warning (21074): Design contains 13 input pin(s) that do not drive logic
    Warning (15610): No output dependent on input pin "S[2]"
    Warning (15610): No output dependent on input pin "S[1]"
    Warning (15610): No output dependent on input pin "S[0]"
    Warning (15610): No output dependent on input pin "A[4]"
    Warning (15610): No output dependent on input pin "A[3]"
    Warning (15610): No output dependent on input pin "A[2]"
    Warning (15610): No output dependent on input pin "A[1]"
    Warning (15610): No output dependent on input pin "A[0]"
    Warning (15610): No output dependent on input pin "B[4]"
    Warning (15610): No output dependent on input pin "B[3]"
    Warning (15610): No output dependent on input pin "B[2]"
    Warning (15610): No output dependent on input pin "B[1]"
    Warning (15610): No output dependent on input pin "B[0]"
Info (21057): Implemented 21 device resources after synthesis - the final resource count might be different
    Info (21058): Implemented 13 input pins
    Info (21059): Implemented 8 output pins
Info: Quartus Prime Analysis & Synthesis was successful. 0 errors, 29 warnings
    Info: Peak virtual memory: 4738 megabytes
    Info: Processing ended: Wed Aug 02 16:06:30 2023
    Info: Elapsed time: 00:00:08
    Info: Total CPU time (on all processors): 00:00:20


